d:\work\amdovx\capturepreviewex\capturepreviewex\x64\debug\vc120.pdb
d:\work\amdovx\capturepreviewex\capturepreviewex\x64\debug\previewwindow.obj
d:\work\amdovx\capturepreviewex\capturepreviewex\x64\debug\platform.obj
d:\work\amdovx\capturepreviewex\capturepreviewex\x64\debug\main.obj
d:\work\amdovx\capturepreviewex\capturepreviewex\x64\debug\moc_capturepreviewexwindow.obj
d:\work\amdovx\capturepreviewex\capturepreviewex\x64\debug\capturepreviewexwindow.obj
d:\work\amdovx\capturepreviewex\capturepreviewex\x64\debug\loom_shell_util.obj
d:\work\amdovx\capturepreviewex\capturepreviewex\x64\debug\decklinkapi_i.obj
d:\work\amdovx\capturepreviewex\capturepreviewex\x64\debug\qrc_capturepreviewex.obj
d:\work\amdovx\capturepreviewex\capturepreviewex\x64\debug\decklinkdevice.obj
d:\work\amdovx\capturepreviewex\capturepreviewex\generatedfiles\debug\moc_capturepreviewexwindow.cpp
d:\work\amdovx\capturepreviewex\capturepreviewex\generatedfiles\ui_capturepreviewex.h
d:\work\amdovx\capturepreviewex\capturepreviewex\generatedfiles\qrc_capturepreviewex.cpp
d:\work\amdovx\capturepreviewex\capturepreviewex\x64\debug\capturepreviewex.tlb
d:\work\amdovx\capturepreviewex\capturepreviewex\decklinkapi_i.c
d:\work\amdovx\capturepreviewex\capturepreviewex\decklinkapi_h.h
d:\work\amdovx\capturepreviewex\x64\debug\capturepreviewex.pdb
d:\work\amdovx\capturepreviewex\capturepreviewex\x64\debug\capturepreviewex.tlog\cl.command.1.tlog
d:\work\amdovx\capturepreviewex\capturepreviewex\x64\debug\capturepreviewex.tlog\cl.read.1.tlog
d:\work\amdovx\capturepreviewex\capturepreviewex\x64\debug\capturepreviewex.tlog\cl.write.1.tlog
d:\work\amdovx\capturepreviewex\capturepreviewex\x64\debug\capturepreviewex.tlog\custombuild.command.1.tlog
d:\work\amdovx\capturepreviewex\capturepreviewex\x64\debug\capturepreviewex.tlog\custombuild.read.1.tlog
d:\work\amdovx\capturepreviewex\capturepreviewex\x64\debug\capturepreviewex.tlog\custombuild.write.1.tlog
d:\work\amdovx\capturepreviewex\capturepreviewex\x64\debug\capturepreviewex.tlog\link-cvtres.read.1.tlog
d:\work\amdovx\capturepreviewex\capturepreviewex\x64\debug\capturepreviewex.tlog\link-cvtres.write.1.tlog
d:\work\amdovx\capturepreviewex\capturepreviewex\x64\debug\capturepreviewex.tlog\link-rc.read.1.tlog
d:\work\amdovx\capturepreviewex\capturepreviewex\x64\debug\capturepreviewex.tlog\link-rc.write.1.tlog
d:\work\amdovx\capturepreviewex\capturepreviewex\x64\debug\capturepreviewex.tlog\link.command.1.tlog
d:\work\amdovx\capturepreviewex\capturepreviewex\x64\debug\capturepreviewex.tlog\link.read.1.tlog
d:\work\amdovx\capturepreviewex\capturepreviewex\x64\debug\capturepreviewex.tlog\link.write.1.tlog
d:\work\amdovx\capturepreviewex\capturepreviewex\x64\debug\capturepreviewex.tlog\midl.command.1.tlog
d:\work\amdovx\capturepreviewex\capturepreviewex\x64\debug\capturepreviewex.tlog\midl.read.1.tlog
d:\work\amdovx\capturepreviewex\capturepreviewex\x64\debug\capturepreviewex.tlog\midl.write.1.tlog
